Using pre-set license
Built from '2020.3/staging' branch; Version is '2020.3.5f1 (8095aa901b9b) revision 8426922'; Using compiler version '192528614'; Build Type 'Release'
OS: 'Windows 10 Pro; OS build 19041.928; Version 2004; 64bit' Language: 'pt' Physical Memory: 4041 MB
BatchMode: 1, IsHumanControllingUs: 0, StartBugReporterOnCrash: 0, Is64bit: 1, IsPro: 0

 COMMAND LINE ARGUMENTS:
C:\Program Files\Unity\2020.3.5f1\Editor\Unity.exe
-adb2
-batchMode
-noUpm
-name
AssetImportWorker0
-projectPath
C:/Users/usuario/Desktop/HexTiles-master
-logFile
Logs/AssetImportWorker0.log
-srvPort
60929
Successfully changed project path to: C:/Users/usuario/Desktop/HexTiles-master
C:/Users/usuario/Desktop/HexTiles-master
Using Asset Import Pipeline V2.
Platform WindowsStandaloneSupport does not support graphics device type 

Refreshing native plugins compatible for Editor in 26.35 ms, found 0 plugins.
Preloading 0 native plugins for Editor in 0.00 ms.
Initialize engine version: 2020.3.5f1 (8095aa901b9b)
[Subsystems] Discovering subsystems at path C:/Program Files/Unity/2020.3.5f1/Editor/Data/Resources/UnitySubsystems
[Subsystems] Discovering subsystems at path C:/Users/usuario/Desktop/HexTiles-master/Assets
GfxDevice: creating device client; threaded=0
Direct3D:
    Version:  Direct3D 11.0 [level 10.1]
    Renderer: NVIDIA GeForce 210  (ID=0xa65)
    Vendor:   
    VRAM:     972 MB
    Driver:   21.21.13.4201
Could not load symbol clCreateImage : Não foi possível encontrar o procedimento especificado.


Could not load symbol clEnqueueFillBuffer : Não foi possível encontrar o procedimento especificado.


Could not load symbol clEnqueueFillImage : Não foi possível encontrar o procedimento especificado.


Could not load symbol clEnqueueMarkerWithWaitList : Não foi possível encontrar o procedimento especificado.


Could not load symbol clGetExtensionFunctionAddressForPlatform : Não foi possível encontrar o procedimento especificado.


Could not load symbol clUnloadPlatformCompiler : Não foi possível encontrar o procedimento especificado.


Could not load symbol clCreateFromGLTexture : Não foi possível encontrar o procedimento especificado.


Initialize mono
Mono path[0] = 'C:/Program Files/Unity/2020.3.5f1/Editor/Data/Managed'
Mono path[1] = 'C:/Program Files/Unity/2020.3.5f1/Editor/Data/MonoBleedingEdge/lib/mono/unityjit'
Mono config path = 'C:/Program Files/Unity/2020.3.5f1/Editor/Data/MonoBleedingEdge/etc'
Using monoOptions --debugger-agent=transport=dt_socket,embedding=1,server=y,suspend=n,address=127.0.0.1:56372
Begin MonoManager ReloadAssembly
Registering precompiled unity dll's ...
Register platform support module: C:/Program Files/Unity/2020.3.5f1/Editor/Data/PlaybackEngines/WindowsStandaloneSupport/UnityEditor.WindowsStandalone.Extensions.dll
Registered in 0.002171 seconds.
Native extension for WindowsStandalone target not found
Refreshing native plugins compatible for Editor in 27.02 ms, found 0 plugins.
Preloading 0 native plugins for Editor in 0.00 ms.
Mono: successfully reloaded assembly
- Completed reload, in  4.160 seconds
Platform modules already initialized, skipping
Registering precompiled user dll's ...
Registered in 0.001161 seconds.
Begin MonoManager ReloadAssembly
Native extension for WindowsStandalone target not found
Refreshing native plugins compatible for Editor in 0.21 ms, found 0 plugins.
Preloading 0 native plugins for Editor in 0.00 ms.
Mono: successfully reloaded assembly
- Completed reload, in  0.798 seconds
Platform modules already initialized, skipping
========================================================================
Worker process is ready to serve import requests
Platform WindowsStandaloneSupport does not support graphics device type 

Launched and connected shader compiler UnityShaderCompiler.exe after 0.07 seconds
Refreshing native plugins compatible for Editor in 0.30 ms, found 0 plugins.
Preloading 0 native plugins for Editor in 0.00 ms.
Unloading 1188 Unused Serialized files (Serialized files now loaded: 0)
System memory in use before: 61.8 MB.
System memory in use after: 61.9 MB.

Unloading 10 unused Assets to reduce memory usage. Loaded Objects now: 1633.
Total: 1.540000 ms (FindLiveObjects: 0.126600 ms CreateObjectMapping: 0.035400 ms MarkObjects: 1.284000 ms  DeleteObjects: 0.092900 ms)

========================================================================
Received Import Request.
  path: Assets/TextMesh Pro/Examples & Extras/Resources/Fonts & Materials/Bangers SDF.asset
  artifactKey: Guid(125cb55b44b24c4393181402bc6200e6) Importer(815301076,1909f56bfc062723c751e8b465ee728b)
Start importing Assets/TextMesh Pro/Examples & Extras/Resources/Fonts & Materials/Bangers SDF.asset using Guid(125cb55b44b24c4393181402bc6200e6) Importer(815301076,1909f56bfc062723c751e8b465ee728b)  -> (artifact id: '6fd5fa88e23029ce5413c6ad2e8821c6') in 0.204155 seconds
  Import took 0.207920 seconds .

========================================================================
Received Prepare
Platform WindowsStandaloneSupport does not support graphics device type 

Registering precompiled user dll's ...
Registered in 0.001084 seconds.
Begin MonoManager ReloadAssembly
Native extension for WindowsStandalone target not found
Refreshing native plugins compatible for Editor in 0.46 ms, found 0 plugins.
Preloading 0 native plugins for Editor in 0.00 ms.
Mono: successfully reloaded assembly
- Completed reload, in  0.793 seconds
Platform modules already initialized, skipping
Refreshing native plugins compatible for Editor in 0.31 ms, found 0 plugins.
Preloading 0 native plugins for Editor in 0.00 ms.
Unloading 1169 Unused Serialized files (Serialized files now loaded: 0)
System memory in use before: 63.7 MB.
System memory in use after: 63.8 MB.

Unloading 5 unused Assets to reduce memory usage. Loaded Objects now: 1679.
Total: 1.973500 ms (FindLiveObjects: 0.169200 ms CreateObjectMapping: 0.042800 ms MarkObjects: 1.741900 ms  DeleteObjects: 0.018000 ms)

========================================================================
Received Prepare
Platform WindowsStandaloneSupport does not support graphics device type 

Registering precompiled user dll's ...
Registered in 0.001446 seconds.
Begin MonoManager ReloadAssembly
Native extension for WindowsStandalone target not found
Refreshing native plugins compatible for Editor in 0.22 ms, found 0 plugins.
Preloading 0 native plugins for Editor in 0.00 ms.
Mono: successfully reloaded assembly
- Completed reload, in  0.899 seconds
Platform modules already initialized, skipping
Refreshing native plugins compatible for Editor in 0.35 ms, found 0 plugins.
Preloading 0 native plugins for Editor in 0.00 ms.
Unloading 1169 Unused Serialized files (Serialized files now loaded: 0)
System memory in use before: 63.8 MB.
System memory in use after: 63.9 MB.

Unloading 5 unused Assets to reduce memory usage. Loaded Objects now: 1682.
Total: 2.266500 ms (FindLiveObjects: 0.165100 ms CreateObjectMapping: 0.043400 ms MarkObjects: 2.018900 ms  DeleteObjects: 0.037200 ms)

========================================================================
Received Prepare
Platform WindowsStandaloneSupport does not support graphics device type 

Refreshing native plugins compatible for Editor in 1.01 ms, found 0 plugins.
Preloading 0 native plugins for Editor in 0.00 ms.
Unloading 3 Unused Serialized files (Serialized files now loaded: 0)
System memory in use before: 40.6 MB.
System memory in use after: 40.7 MB.

Unloading 3 unused Assets to reduce memory usage. Loaded Objects now: 1682.
Total: 1.986400 ms (FindLiveObjects: 0.212300 ms CreateObjectMapping: 0.045800 ms MarkObjects: 1.713200 ms  DeleteObjects: 0.013500 ms)

========================================================================
Received Prepare
Platform WindowsStandaloneSupport does not support graphics device type 

Registering precompiled user dll's ...
Registered in 0.001778 seconds.
Begin MonoManager ReloadAssembly
Native extension for WindowsStandalone target not found
Refreshing native plugins compatible for Editor in 0.22 ms, found 0 plugins.
Preloading 0 native plugins for Editor in 0.00 ms.
Mono: successfully reloaded assembly
- Completed reload, in  0.730 seconds
Platform modules already initialized, skipping
Refreshing native plugins compatible for Editor in 0.31 ms, found 0 plugins.
Preloading 0 native plugins for Editor in 0.00 ms.
Unloading 1169 Unused Serialized files (Serialized files now loaded: 0)
System memory in use before: 63.8 MB.
System memory in use after: 63.9 MB.

Unloading 5 unused Assets to reduce memory usage. Loaded Objects now: 1685.
Total: 2.594000 ms (FindLiveObjects: 0.312900 ms CreateObjectMapping: 0.060600 ms MarkObjects: 2.198500 ms  DeleteObjects: 0.019900 ms)

========================================================================
Received Prepare
Platform WindowsStandaloneSupport does not support graphics device type 

Refreshing native plugins compatible for Editor in 0.98 ms, found 0 plugins.
Preloading 0 native plugins for Editor in 0.00 ms.
Unloading 3 Unused Serialized files (Serialized files now loaded: 0)
System memory in use before: 40.6 MB.
System memory in use after: 40.7 MB.

Unloading 3 unused Assets to reduce memory usage. Loaded Objects now: 1685.
Total: 3.663400 ms (FindLiveObjects: 0.209400 ms CreateObjectMapping: 0.068100 ms MarkObjects: 3.355700 ms  DeleteObjects: 0.027400 ms)

========================================================================
Received Prepare
Platform WindowsStandaloneSupport does not support graphics device type 

Registering precompiled user dll's ...
Registered in 0.001120 seconds.
Begin MonoManager ReloadAssembly
Native extension for WindowsStandalone target not found
Refreshing native plugins compatible for Editor in 0.21 ms, found 0 plugins.
Preloading 0 native plugins for Editor in 0.00 ms.
Mono: successfully reloaded assembly
- Completed reload, in  0.848 seconds
Platform modules already initialized, skipping
Refreshing native plugins compatible for Editor in 0.59 ms, found 0 plugins.
Preloading 0 native plugins for Editor in 0.00 ms.
Unloading 1169 Unused Serialized files (Serialized files now loaded: 0)
System memory in use before: 63.8 MB.
System memory in use after: 63.9 MB.

Unloading 5 unused Assets to reduce memory usage. Loaded Objects now: 1688.
Total: 2.304500 ms (FindLiveObjects: 0.272100 ms CreateObjectMapping: 0.055600 ms MarkObjects: 1.945400 ms  DeleteObjects: 0.029500 ms)

========================================================================
Received Prepare
Platform WindowsStandaloneSupport does not support graphics device type 

Registering precompiled user dll's ...
Registered in 0.001077 seconds.
Begin MonoManager ReloadAssembly
Native extension for WindowsStandalone target not found
Refreshing native plugins compatible for Editor in 0.22 ms, found 0 plugins.
Preloading 0 native plugins for Editor in 0.00 ms.
Mono: successfully reloaded assembly
- Completed reload, in  0.737 seconds
Platform modules already initialized, skipping
Refreshing native plugins compatible for Editor in 0.29 ms, found 0 plugins.
Preloading 0 native plugins for Editor in 0.00 ms.
Unloading 1169 Unused Serialized files (Serialized files now loaded: 0)
System memory in use before: 63.8 MB.
System memory in use after: 63.9 MB.

Unloading 5 unused Assets to reduce memory usage. Loaded Objects now: 1691.
Total: 2.395400 ms (FindLiveObjects: 0.211600 ms CreateObjectMapping: 0.054600 ms MarkObjects: 2.102800 ms  DeleteObjects: 0.023300 ms)

========================================================================
Received Prepare
Platform WindowsStandaloneSupport does not support graphics device type 

Registering precompiled user dll's ...
Registered in 0.001063 seconds.
Begin MonoManager ReloadAssembly
Native extension for WindowsStandalone target not found
Refreshing native plugins compatible for Editor in 0.23 ms, found 0 plugins.
Preloading 0 native plugins for Editor in 0.00 ms.
Mono: successfully reloaded assembly
- Completed reload, in  0.924 seconds
Platform modules already initialized, skipping
Refreshing native plugins compatible for Editor in 0.31 ms, found 0 plugins.
Preloading 0 native plugins for Editor in 0.00 ms.
Unloading 1169 Unused Serialized files (Serialized files now loaded: 0)
System memory in use before: 63.8 MB.
System memory in use after: 63.9 MB.

Unloading 5 unused Assets to reduce memory usage. Loaded Objects now: 1694.
Total: 1.918700 ms (FindLiveObjects: 0.154700 ms CreateObjectMapping: 0.039800 ms MarkObjects: 1.702500 ms  DeleteObjects: 0.020700 ms)

========================================================================
Received Prepare
Platform WindowsStandaloneSupport does not support graphics device type 

Registering precompiled user dll's ...
Registered in 0.001146 seconds.
Begin MonoManager ReloadAssembly
Native extension for WindowsStandalone target not found
Refreshing native plugins compatible for Editor in 0.22 ms, found 0 plugins.
Preloading 0 native plugins for Editor in 0.00 ms.
Mono: successfully reloaded assembly
- Completed reload, in  0.734 seconds
Platform modules already initialized, skipping
Refreshing native plugins compatible for Editor in 0.29 ms, found 0 plugins.
Preloading 0 native plugins for Editor in 0.00 ms.
Unloading 1169 Unused Serialized files (Serialized files now loaded: 0)
System memory in use before: 63.8 MB.
System memory in use after: 63.9 MB.

Unloading 5 unused Assets to reduce memory usage. Loaded Objects now: 1697.
Total: 1.531200 ms (FindLiveObjects: 0.232800 ms CreateObjectMapping: 0.036400 ms MarkObjects: 1.248800 ms  DeleteObjects: 0.011900 ms)

========================================================================
Received Prepare
Platform WindowsStandaloneSupport does not support graphics device type 

Registering precompiled user dll's ...
Registered in 0.001077 seconds.
Begin MonoManager ReloadAssembly
Native extension for WindowsStandalone target not found
Refreshing native plugins compatible for Editor in 0.22 ms, found 0 plugins.
Preloading 0 native plugins for Editor in 0.00 ms.
Mono: successfully reloaded assembly
- Completed reload, in  0.753 seconds
Platform modules already initialized, skipping
Refreshing native plugins compatible for Editor in 0.31 ms, found 0 plugins.
Preloading 0 native plugins for Editor in 0.00 ms.
Unloading 1169 Unused Serialized files (Serialized files now loaded: 0)
System memory in use before: 63.8 MB.
System memory in use after: 63.9 MB.

Unloading 5 unused Assets to reduce memory usage. Loaded Objects now: 1700.
Total: 1.875000 ms (FindLiveObjects: 0.212200 ms CreateObjectMapping: 0.047700 ms MarkObjects: 1.595700 ms  DeleteObjects: 0.018000 ms)

========================================================================
Received Prepare
Platform WindowsStandaloneSupport does not support graphics device type 

Registering precompiled user dll's ...
Registered in 0.003582 seconds.
Begin MonoManager ReloadAssembly
Native extension for WindowsStandalone target not found
Refreshing native plugins compatible for Editor in 0.24 ms, found 0 plugins.
Preloading 0 native plugins for Editor in 0.00 ms.
Mono: successfully reloaded assembly
- Completed reload, in  0.724 seconds
Platform modules already initialized, skipping
Refreshing native plugins compatible for Editor in 0.33 ms, found 0 plugins.
Preloading 0 native plugins for Editor in 0.00 ms.
Unloading 1169 Unused Serialized files (Serialized files now loaded: 0)
System memory in use before: 63.8 MB.
System memory in use after: 63.9 MB.

Unloading 5 unused Assets to reduce memory usage. Loaded Objects now: 1703.
Total: 1.780900 ms (FindLiveObjects: 0.178800 ms CreateObjectMapping: 0.071000 ms MarkObjects: 1.514000 ms  DeleteObjects: 0.015100 ms)

========================================================================
Received Prepare
Platform WindowsStandaloneSupport does not support graphics device type 

Registering precompiled user dll's ...
Registered in 0.001065 seconds.
Begin MonoManager ReloadAssembly
Native extension for WindowsStandalone target not found
Refreshing native plugins compatible for Editor in 0.21 ms, found 0 plugins.
Preloading 0 native plugins for Editor in 0.00 ms.
Mono: successfully reloaded assembly
- Completed reload, in  0.745 seconds
Platform modules already initialized, skipping
Refreshing native plugins compatible for Editor in 0.31 ms, found 0 plugins.
Preloading 0 native plugins for Editor in 0.00 ms.
Unloading 1169 Unused Serialized files (Serialized files now loaded: 0)
System memory in use before: 63.8 MB.
System memory in use after: 63.9 MB.

Unloading 5 unused Assets to reduce memory usage. Loaded Objects now: 1706.
Total: 1.870100 ms (FindLiveObjects: 0.177300 ms CreateObjectMapping: 0.113000 ms MarkObjects: 1.560600 ms  DeleteObjects: 0.017600 ms)

========================================================================
Received Prepare
Platform WindowsStandaloneSupport does not support graphics device type 

Registering precompiled user dll's ...
Registered in 0.001858 seconds.
Begin MonoManager ReloadAssembly
Native extension for WindowsStandalone target not found
Refreshing native plugins compatible for Editor in 0.28 ms, found 0 plugins.
Preloading 0 native plugins for Editor in 0.00 ms.
Mono: successfully reloaded assembly
- Completed reload, in  0.741 seconds
Platform modules already initialized, skipping
Refreshing native plugins compatible for Editor in 0.41 ms, found 0 plugins.
Preloading 0 native plugins for Editor in 0.00 ms.
Unloading 1169 Unused Serialized files (Serialized files now loaded: 0)
System memory in use before: 63.8 MB.
System memory in use after: 63.9 MB.

Unloading 5 unused Assets to reduce memory usage. Loaded Objects now: 1709.
Total: 1.676600 ms (FindLiveObjects: 0.251000 ms CreateObjectMapping: 0.050300 ms MarkObjects: 1.360500 ms  DeleteObjects: 0.013600 ms)

========================================================================
Received Prepare
Platform WindowsStandaloneSupport does not support graphics device type 

Registering precompiled user dll's ...
Registered in 0.001105 seconds.
Begin MonoManager ReloadAssembly
Native extension for WindowsStandalone target not found
Refreshing native plugins compatible for Editor in 0.46 ms, found 0 plugins.
Preloading 0 native plugins for Editor in 0.00 ms.
Mono: successfully reloaded assembly
- Completed reload, in  0.767 seconds
Platform modules already initialized, skipping
Refreshing native plugins compatible for Editor in 0.28 ms, found 0 plugins.
Preloading 0 native plugins for Editor in 0.00 ms.
Unloading 1169 Unused Serialized files (Serialized files now loaded: 0)
System memory in use before: 63.8 MB.
System memory in use after: 63.9 MB.

Unloading 5 unused Assets to reduce memory usage. Loaded Objects now: 1712.
Total: 3.694900 ms (FindLiveObjects: 0.161200 ms CreateObjectMapping: 0.047400 ms MarkObjects: 3.469500 ms  DeleteObjects: 0.015500 ms)

========================================================================
Received Prepare
Platform WindowsStandaloneSupport does not support graphics device type 

Registering precompiled user dll's ...
Registered in 0.001109 seconds.
Begin MonoManager ReloadAssembly
Native extension for WindowsStandalone target not found
Refreshing native plugins compatible for Editor in 0.21 ms, found 0 plugins.
Preloading 0 native plugins for Editor in 0.00 ms.
Mono: successfully reloaded assembly
- Completed reload, in  0.745 seconds
Platform modules already initialized, skipping
Refreshing native plugins compatible for Editor in 0.33 ms, found 0 plugins.
Preloading 0 native plugins for Editor in 0.00 ms.
Unloading 1169 Unused Serialized files (Serialized files now loaded: 0)
System memory in use before: 63.8 MB.
System memory in use after: 63.9 MB.

Unloading 5 unused Assets to reduce memory usage. Loaded Objects now: 1715.
Total: 1.858700 ms (FindLiveObjects: 0.207500 ms CreateObjectMapping: 0.043900 ms MarkObjects: 1.588100 ms  DeleteObjects: 0.015500 ms)

========================================================================
Received Prepare
Platform WindowsStandaloneSupport does not support graphics device type 

Registering precompiled user dll's ...
Registered in 0.001194 seconds.
Begin MonoManager ReloadAssembly
Native extension for WindowsStandalone target not found
Refreshing native plugins compatible for Editor in 0.37 ms, found 0 plugins.
Preloading 0 native plugins for Editor in 0.00 ms.
Mono: successfully reloaded assembly
- Completed reload, in  4.040 seconds
Platform modules already initialized, skipping
Refreshing native plugins compatible for Editor in 0.36 ms, found 0 plugins.
Preloading 0 native plugins for Editor in 0.00 ms.
Unloading 1169 Unused Serialized files (Serialized files now loaded: 0)
System memory in use before: 63.8 MB.
System memory in use after: 63.9 MB.

Unloading 5 unused Assets to reduce memory usage. Loaded Objects now: 1718.
Total: 2.561800 ms (FindLiveObjects: 0.321100 ms CreateObjectMapping: 0.165500 ms MarkObjects: 2.040400 ms  DeleteObjects: 0.031200 ms)

========================================================================
Received Prepare
Platform WindowsStandaloneSupport does not support graphics device type 

Registering precompiled user dll's ...
Registered in 0.001089 seconds.
Begin MonoManager ReloadAssembly
Native extension for WindowsStandalone target not found
Refreshing native plugins compatible for Editor in 0.29 ms, found 0 plugins.
Preloading 0 native plugins for Editor in 0.00 ms.
Mono: successfully reloaded assembly
- Completed reload, in  0.743 seconds
Platform modules already initialized, skipping
Refreshing native plugins compatible for Editor in 0.28 ms, found 0 plugins.
Preloading 0 native plugins for Editor in 0.00 ms.
Unloading 1169 Unused Serialized files (Serialized files now loaded: 0)
System memory in use before: 63.9 MB.
System memory in use after: 64.0 MB.

Unloading 5 unused Assets to reduce memory usage. Loaded Objects now: 1721.
Total: 1.579000 ms (FindLiveObjects: 0.218100 ms CreateObjectMapping: 0.038400 ms MarkObjects: 1.308200 ms  DeleteObjects: 0.012400 ms)

========================================================================
Received Prepare
Platform WindowsStandaloneSupport does not support graphics device type 

Registering precompiled user dll's ...
Registered in 0.001074 seconds.
Begin MonoManager ReloadAssembly
Native extension for WindowsStandalone target not found
Refreshing native plugins compatible for Editor in 0.32 ms, found 0 plugins.
Preloading 0 native plugins for Editor in 0.00 ms.
Mono: successfully reloaded assembly
- Completed reload, in  0.921 seconds
Platform modules already initialized, skipping
Refreshing native plugins compatible for Editor in 0.28 ms, found 0 plugins.
Preloading 0 native plugins for Editor in 0.00 ms.
Unloading 1169 Unused Serialized files (Serialized files now loaded: 0)
System memory in use before: 63.9 MB.
System memory in use after: 64.0 MB.

Unloading 5 unused Assets to reduce memory usage. Loaded Objects now: 1724.
Total: 3.752800 ms (FindLiveObjects: 1.783500 ms CreateObjectMapping: 0.117300 ms MarkObjects: 1.831200 ms  DeleteObjects: 0.019000 ms)

========================================================================
Received Prepare
Platform WindowsStandaloneSupport does not support graphics device type 

Registering precompiled user dll's ...
Registered in 0.001265 seconds.
Begin MonoManager ReloadAssembly
Native extension for WindowsStandalone target not found
Refreshing native plugins compatible for Editor in 0.22 ms, found 0 plugins.
Preloading 0 native plugins for Editor in 0.00 ms.
Mono: successfully reloaded assembly
- Completed reload, in  0.915 seconds
Platform modules already initialized, skipping
Refreshing native plugins compatible for Editor in 0.28 ms, found 0 plugins.
Preloading 0 native plugins for Editor in 0.00 ms.
Unloading 1169 Unused Serialized files (Serialized files now loaded: 0)
System memory in use before: 63.9 MB.
System memory in use after: 64.0 MB.

Unloading 5 unused Assets to reduce memory usage. Loaded Objects now: 1727.
Total: 1.486100 ms (FindLiveObjects: 0.168100 ms CreateObjectMapping: 0.045000 ms MarkObjects: 1.259600 ms  DeleteObjects: 0.012200 ms)

========================================================================
Received Prepare
Platform WindowsStandaloneSupport does not support graphics device type 

Registering precompiled user dll's ...
Registered in 0.001537 seconds.
Begin MonoManager ReloadAssembly
Native extension for WindowsStandalone target not found
Refreshing native plugins compatible for Editor in 0.23 ms, found 0 plugins.
Preloading 0 native plugins for Editor in 0.00 ms.
Mono: successfully reloaded assembly
- Completed reload, in  0.765 seconds
Platform modules already initialized, skipping
Refreshing native plugins compatible for Editor in 0.33 ms, found 0 plugins.
Preloading 0 native plugins for Editor in 0.00 ms.
Unloading 1169 Unused Serialized files (Serialized files now loaded: 0)
System memory in use before: 63.9 MB.
System memory in use after: 64.0 MB.

Unloading 5 unused Assets to reduce memory usage. Loaded Objects now: 1730.
Total: 1.632000 ms (FindLiveObjects: 0.164600 ms CreateObjectMapping: 0.042800 ms MarkObjects: 1.406700 ms  DeleteObjects: 0.016400 ms)

========================================================================
Received Prepare
Platform WindowsStandaloneSupport does not support graphics device type 

Registering precompiled user dll's ...
Registered in 0.001053 seconds.
Begin MonoManager ReloadAssembly
Native extension for WindowsStandalone target not found
Refreshing native plugins compatible for Editor in 0.32 ms, found 0 plugins.
Preloading 0 native plugins for Editor in 0.00 ms.
Mono: successfully reloaded assembly
- Completed reload, in  0.745 seconds
Platform modules already initialized, skipping
Refreshing native plugins compatible for Editor in 0.36 ms, found 0 plugins.
Preloading 0 native plugins for Editor in 0.00 ms.
Unloading 1169 Unused Serialized files (Serialized files now loaded: 0)
System memory in use before: 63.9 MB.
System memory in use after: 64.0 MB.

Unloading 5 unused Assets to reduce memory usage. Loaded Objects now: 1733.
Total: 1.596500 ms (FindLiveObjects: 0.177600 ms CreateObjectMapping: 0.041600 ms MarkObjects: 1.347700 ms  DeleteObjects: 0.028400 ms)

========================================================================
Received Prepare
Platform WindowsStandaloneSupport does not support graphics device type 

Registering precompiled user dll's ...
Registered in 0.001085 seconds.
Begin MonoManager ReloadAssembly
Native extension for WindowsStandalone target not found
Refreshing native plugins compatible for Editor in 0.21 ms, found 0 plugins.
Preloading 0 native plugins for Editor in 0.00 ms.
Mono: successfully reloaded assembly
- Completed reload, in  0.744 seconds
Platform modules already initialized, skipping
Refreshing native plugins compatible for Editor in 0.45 ms, found 0 plugins.
Preloading 0 native plugins for Editor in 0.00 ms.
Unloading 1169 Unused Serialized files (Serialized files now loaded: 0)
System memory in use before: 63.9 MB.
System memory in use after: 64.0 MB.

Unloading 5 unused Assets to reduce memory usage. Loaded Objects now: 1736.
Total: 2.069400 ms (FindLiveObjects: 0.264900 ms CreateObjectMapping: 0.059300 ms MarkObjects: 1.714700 ms  DeleteObjects: 0.028600 ms)

========================================================================
Received Prepare
Platform WindowsStandaloneSupport does not support graphics device type 

Registering precompiled user dll's ...
Registered in 0.001052 seconds.
Begin MonoManager ReloadAssembly
Native extension for WindowsStandalone target not found
Refreshing native plugins compatible for Editor in 0.21 ms, found 0 plugins.
Preloading 0 native plugins for Editor in 0.00 ms.
Mono: successfully reloaded assembly
- Completed reload, in  0.778 seconds
Platform modules already initialized, skipping
Refreshing native plugins compatible for Editor in 0.70 ms, found 0 plugins.
Preloading 0 native plugins for Editor in 0.00 ms.
Unloading 1169 Unused Serialized files (Serialized files now loaded: 0)
System memory in use before: 63.9 MB.
System memory in use after: 64.0 MB.

Unloading 5 unused Assets to reduce memory usage. Loaded Objects now: 1739.
Total: 2.540700 ms (FindLiveObjects: 0.978600 ms CreateObjectMapping: 0.087000 ms MarkObjects: 1.460200 ms  DeleteObjects: 0.013300 ms)

========================================================================
Received Prepare
Platform WindowsStandaloneSupport does not support graphics device type 

Registering precompiled user dll's ...
Registered in 0.001167 seconds.
Begin MonoManager ReloadAssembly
Native extension for WindowsStandalone target not found
Refreshing native plugins compatible for Editor in 0.23 ms, found 0 plugins.
Preloading 0 native plugins for Editor in 0.00 ms.
Mono: successfully reloaded assembly
- Completed reload, in  0.757 seconds
Platform modules already initialized, skipping
Refreshing native plugins compatible for Editor in 0.31 ms, found 0 plugins.
Preloading 0 native plugins for Editor in 0.00 ms.
Unloading 1169 Unused Serialized files (Serialized files now loaded: 0)
System memory in use before: 63.9 MB.
System memory in use after: 64.0 MB.

Unloading 5 unused Assets to reduce memory usage. Loaded Objects now: 1742.
Total: 1.978600 ms (FindLiveObjects: 0.185500 ms CreateObjectMapping: 0.045200 ms MarkObjects: 1.728500 ms  DeleteObjects: 0.018100 ms)

========================================================================
Received Prepare
Platform WindowsStandaloneSupport does not support graphics device type 

Registering precompiled user dll's ...
Registered in 0.001150 seconds.
Begin MonoManager ReloadAssembly
Native extension for WindowsStandalone target not found
Refreshing native plugins compatible for Editor in 0.26 ms, found 0 plugins.
Preloading 0 native plugins for Editor in 0.00 ms.
Mono: successfully reloaded assembly
- Completed reload, in  0.921 seconds
Platform modules already initialized, skipping
Refreshing native plugins compatible for Editor in 0.29 ms, found 0 plugins.
Preloading 0 native plugins for Editor in 0.00 ms.
Unloading 1169 Unused Serialized files (Serialized files now loaded: 0)
System memory in use before: 63.9 MB.
System memory in use after: 64.0 MB.

Unloading 5 unused Assets to reduce memory usage. Loaded Objects now: 1745.
Total: 1.701800 ms (FindLiveObjects: 0.155300 ms CreateObjectMapping: 0.038400 ms MarkObjects: 1.493300 ms  DeleteObjects: 0.013500 ms)

========================================================================
Received Import Request.
  Time since last request: 1979.396444 seconds.
  path: Assets/Example Content/barbg1.png
  artifactKey: Guid(e1d18e075a32f9649b4a916befecf808) Importer(815301076,1909f56bfc062723c751e8b465ee728b)
Start importing Assets/Example Content/barbg1.png using Guid(e1d18e075a32f9649b4a916befecf808) Importer(815301076,1909f56bfc062723c751e8b465ee728b)  -> (artifact id: 'f5630a5ef534cf53e973994a74aa5913') in 0.117960 seconds
  Import took 0.121211 seconds .

========================================================================
Received Import Request.
  Time since last request: 0.000271 seconds.
  path: Assets/Example Content/barbg2.png
  artifactKey: Guid(2ffca5318489bc541a25fde62b0bb212) Importer(815301076,1909f56bfc062723c751e8b465ee728b)
Start importing Assets/Example Content/barbg2.png using Guid(2ffca5318489bc541a25fde62b0bb212) Importer(815301076,1909f56bfc062723c751e8b465ee728b)  -> (artifact id: 'ad027cf40d0474cef48e5899d078099c') in 0.026584 seconds
  Import took 0.030268 seconds .

========================================================================
Received Import Request.
  Time since last request: 0.000267 seconds.
  path: Assets/Example Content/barbg3.png
  artifactKey: Guid(c5276f66a11493948968598df76efdcc) Importer(815301076,1909f56bfc062723c751e8b465ee728b)
Start importing Assets/Example Content/barbg3.png using Guid(c5276f66a11493948968598df76efdcc) Importer(815301076,1909f56bfc062723c751e8b465ee728b)  -> (artifact id: '78ebf3aaf9259af89b8d02d042925e52') in 0.023530 seconds
  Import took 0.026303 seconds .

========================================================================
Received Import Request.
  Time since last request: 63.406876 seconds.
  path: Assets/Example Content/barbg1.jpg
  artifactKey: Guid(cb1adfe7624c2ec4787429dc779ba84b) Importer(815301076,1909f56bfc062723c751e8b465ee728b)
Start importing Assets/Example Content/barbg1.jpg using Guid(cb1adfe7624c2ec4787429dc779ba84b) Importer(815301076,1909f56bfc062723c751e8b465ee728b)  -> (artifact id: 'a8a844760fb25241b71b0fd2fc802250') in 0.030223 seconds
  Import took 0.035125 seconds .

========================================================================
Received Import Request.
  Time since last request: 0.000102 seconds.
  path: Assets/Example Content/barbg3.jpg
  artifactKey: Guid(eec44c2d760c446429cd864444da1e97) Importer(815301076,1909f56bfc062723c751e8b465ee728b)
Start importing Assets/Example Content/barbg3.jpg using Guid(eec44c2d760c446429cd864444da1e97) Importer(815301076,1909f56bfc062723c751e8b465ee728b)  -> (artifact id: '0ec104ab95abf4c650dee2daf9c16ed0') in 0.030709 seconds
  Import took 0.033436 seconds .

========================================================================
Received Import Request.
  Time since last request: 0.000211 seconds.
  path: Assets/Example Content/barbg1.jpg
  artifactKey: Guid(cb1adfe7624c2ec4787429dc779ba84b) Importer(815301076,1909f56bfc062723c751e8b465ee728b)
Start importing Assets/Example Content/barbg1.jpg using Guid(cb1adfe7624c2ec4787429dc779ba84b) Importer(815301076,1909f56bfc062723c751e8b465ee728b)  -> (artifact id: 'a8a844760fb25241b71b0fd2fc802250') in 0.010779 seconds
  Import took 0.012936 seconds .

========================================================================
Received Import Request.
  Time since last request: 0.000203 seconds.
  path: Assets/Example Content/barbg2.jpg
  artifactKey: Guid(dba44b89cbdb41642a84a644b56a6e86) Importer(815301076,1909f56bfc062723c751e8b465ee728b)
Start importing Assets/Example Content/barbg2.jpg using Guid(dba44b89cbdb41642a84a644b56a6e86) Importer(815301076,1909f56bfc062723c751e8b465ee728b)  -> (artifact id: '2ebc2a03bb2005f4df2a3828525aa983') in 0.013170 seconds
  Import took 0.015287 seconds .

========================================================================
Received Prepare
Platform WindowsStandaloneSupport does not support graphics device type 

Registering precompiled user dll's ...
Registered in 0.001092 seconds.
Begin MonoManager ReloadAssembly
Native extension for WindowsStandalone target not found
Refreshing native plugins compatible for Editor in 0.22 ms, found 0 plugins.
Preloading 0 native plugins for Editor in 0.00 ms.
Mono: successfully reloaded assembly
- Completed reload, in  0.948 seconds
Platform modules already initialized, skipping
Refreshing native plugins compatible for Editor in 0.29 ms, found 0 plugins.
Preloading 0 native plugins for Editor in 0.00 ms.
Unloading 1169 Unused Serialized files (Serialized files now loaded: 0)
System memory in use before: 63.9 MB.
System memory in use after: 64.0 MB.

Unloading 5 unused Assets to reduce memory usage. Loaded Objects now: 1750.
Total: 2.191100 ms (FindLiveObjects: 0.338600 ms CreateObjectMapping: 0.102600 ms MarkObjects: 1.708600 ms  DeleteObjects: 0.039600 ms)

========================================================================
Received Prepare
Platform WindowsStandaloneSupport does not support graphics device type 

Registering precompiled user dll's ...
Registered in 0.001114 seconds.
Begin MonoManager ReloadAssembly
Native extension for WindowsStandalone target not found
Refreshing native plugins compatible for Editor in 0.22 ms, found 0 plugins.
Preloading 0 native plugins for Editor in 0.00 ms.
Mono: successfully reloaded assembly
- Completed reload, in  0.966 seconds
Platform modules already initialized, skipping
Refreshing native plugins compatible for Editor in 0.29 ms, found 0 plugins.
Preloading 0 native plugins for Editor in 0.00 ms.
Unloading 1169 Unused Serialized files (Serialized files now loaded: 0)
System memory in use before: 64.0 MB.
System memory in use after: 64.1 MB.

Unloading 5 unused Assets to reduce memory usage. Loaded Objects now: 1753.
Total: 1.517000 ms (FindLiveObjects: 0.154700 ms CreateObjectMapping: 0.039200 ms MarkObjects: 1.309100 ms  DeleteObjects: 0.012900 ms)

========================================================================
Received Prepare
Platform WindowsStandaloneSupport does not support graphics device type 

Registering precompiled user dll's ...
Registered in 0.001095 seconds.
Begin MonoManager ReloadAssembly
Native extension for WindowsStandalone target not found
Refreshing native plugins compatible for Editor in 0.27 ms, found 0 plugins.
Preloading 0 native plugins for Editor in 0.00 ms.
Mono: successfully reloaded assembly
- Completed reload, in  0.743 seconds
Platform modules already initialized, skipping
Refreshing native plugins compatible for Editor in 0.37 ms, found 0 plugins.
Preloading 0 native plugins for Editor in 0.00 ms.
Unloading 1169 Unused Serialized files (Serialized files now loaded: 0)
System memory in use before: 64.0 MB.
System memory in use after: 64.1 MB.

Unloading 5 unused Assets to reduce memory usage. Loaded Objects now: 1756.
Total: 1.936600 ms (FindLiveObjects: 0.244700 ms CreateObjectMapping: 0.055500 ms MarkObjects: 1.619300 ms  DeleteObjects: 0.015400 ms)

========================================================================
Received Prepare
Platform WindowsStandaloneSupport does not support graphics device type 

Refreshing native plugins compatible for Editor in 11.12 ms, found 0 plugins.
Preloading 0 native plugins for Editor in 0.00 ms.
Unloading 3 Unused Serialized files (Serialized files now loaded: 0)
System memory in use before: 40.9 MB.
System memory in use after: 41.0 MB.

Unloading 3 unused Assets to reduce memory usage. Loaded Objects now: 1756.
Total: 2.356400 ms (FindLiveObjects: 0.476700 ms CreateObjectMapping: 0.048300 ms MarkObjects: 1.815500 ms  DeleteObjects: 0.014100 ms)

========================================================================
Received Prepare
Platform WindowsStandaloneSupport does not support graphics device type 

Registering precompiled user dll's ...
Registered in 0.001243 seconds.
Begin MonoManager ReloadAssembly
Native extension for WindowsStandalone target not found
Refreshing native plugins compatible for Editor in 0.22 ms, found 0 plugins.
Preloading 0 native plugins for Editor in 0.00 ms.
Mono: successfully reloaded assembly
- Completed reload, in  0.888 seconds
Platform modules already initialized, skipping
Refreshing native plugins compatible for Editor in 0.31 ms, found 0 plugins.
Preloading 0 native plugins for Editor in 0.00 ms.
Unloading 1170 Unused Serialized files (Serialized files now loaded: 0)
System memory in use before: 64.1 MB.
System memory in use after: 64.2 MB.

Unloading 5 unused Assets to reduce memory usage. Loaded Objects now: 1760.
Total: 2.170800 ms (FindLiveObjects: 0.207500 ms CreateObjectMapping: 0.052200 ms MarkObjects: 1.874400 ms  DeleteObjects: 0.035000 ms)

========================================================================
Received Prepare
Platform WindowsStandaloneSupport does not support graphics device type 

Registering precompiled user dll's ...
Registered in 0.001367 seconds.
Begin MonoManager ReloadAssembly
Native extension for WindowsStandalone target not found
Refreshing native plugins compatible for Editor in 0.22 ms, found 0 plugins.
Preloading 0 native plugins for Editor in 0.00 ms.
Mono: successfully reloaded assembly
- Completed reload, in  0.940 seconds
Platform modules already initialized, skipping
Refreshing native plugins compatible for Editor in 0.31 ms, found 0 plugins.
Preloading 0 native plugins for Editor in 0.00 ms.
Unloading 1170 Unused Serialized files (Serialized files now loaded: 0)
System memory in use before: 64.1 MB.
System memory in use after: 64.2 MB.

Unloading 5 unused Assets to reduce memory usage. Loaded Objects now: 1763.
Total: 2.074400 ms (FindLiveObjects: 0.188500 ms CreateObjectMapping: 0.047100 ms MarkObjects: 1.820200 ms  DeleteObjects: 0.016700 ms)

========================================================================
Received Prepare
Platform WindowsStandaloneSupport does not support graphics device type 

Registering precompiled user dll's ...
Registered in 0.003311 seconds.
Begin MonoManager ReloadAssembly
Native extension for WindowsStandalone target not found
Refreshing native plugins compatible for Editor in 0.24 ms, found 0 plugins.
Preloading 0 native plugins for Editor in 0.00 ms.
Mono: successfully reloaded assembly
- Completed reload, in  2.285 seconds
Platform modules already initialized, skipping
Refreshing native plugins compatible for Editor in 0.29 ms, found 0 plugins.
Preloading 0 native plugins for Editor in 0.00 ms.
Unloading 1170 Unused Serialized files (Serialized files now loaded: 0)
System memory in use before: 64.1 MB.
System memory in use after: 64.2 MB.

Unloading 5 unused Assets to reduce memory usage. Loaded Objects now: 1766.
Total: 23.638500 ms (FindLiveObjects: 1.438500 ms CreateObjectMapping: 0.087900 ms MarkObjects: 22.056800 ms  DeleteObjects: 0.048600 ms)

========================================================================
Received Prepare
Platform WindowsStandaloneSupport does not support graphics device type 

Registering precompiled user dll's ...
Registered in 0.002261 seconds.
Begin MonoManager ReloadAssembly
Native extension for WindowsStandalone target not found
Refreshing native plugins compatible for Editor in 0.31 ms, found 0 plugins.
Preloading 0 native plugins for Editor in 0.00 ms.
Mono: successfully reloaded assembly
- Completed reload, in  0.960 seconds
Platform modules already initialized, skipping
Refreshing native plugins compatible for Editor in 0.32 ms, found 0 plugins.
Preloading 0 native plugins for Editor in 0.00 ms.
Unloading 1170 Unused Serialized files (Serialized files now loaded: 0)
System memory in use before: 64.1 MB.
System memory in use after: 64.2 MB.

Unloading 5 unused Assets to reduce memory usage. Loaded Objects now: 1769.
Total: 2.406300 ms (FindLiveObjects: 0.477100 ms CreateObjectMapping: 0.063900 ms MarkObjects: 1.839700 ms  DeleteObjects: 0.022100 ms)

========================================================================
Received Prepare
Platform WindowsStandaloneSupport does not support graphics device type 

Registering precompiled user dll's ...
Registered in 0.003518 seconds.
Begin MonoManager ReloadAssembly
Native extension for WindowsStandalone target not found
Refreshing native plugins compatible for Editor in 0.30 ms, found 0 plugins.
Preloading 0 native plugins for Editor in 0.00 ms.
Mono: successfully reloaded assembly
- Completed reload, in  1.090 seconds
Platform modules already initialized, skipping
Refreshing native plugins compatible for Editor in 0.43 ms, found 0 plugins.
Preloading 0 native plugins for Editor in 0.00 ms.
Unloading 1170 Unused Serialized files (Serialized files now loaded: 0)
System memory in use before: 64.1 MB.
System memory in use after: 64.2 MB.

Unloading 5 unused Assets to reduce memory usage. Loaded Objects now: 1772.
Total: 2.582300 ms (FindLiveObjects: 0.188100 ms CreateObjectMapping: 0.039800 ms MarkObjects: 2.297100 ms  DeleteObjects: 0.055500 ms)

========================================================================
Received Prepare
Platform WindowsStandaloneSupport does not support graphics device type 

Registering precompiled user dll's ...
Registered in 0.001436 seconds.
Begin MonoManager ReloadAssembly
Native extension for WindowsStandalone target not found
Refreshing native plugins compatible for Editor in 0.27 ms, found 0 plugins.
Preloading 0 native plugins for Editor in 0.00 ms.
Mono: successfully reloaded assembly
- Completed reload, in  0.904 seconds
Platform modules already initialized, skipping
Refreshing native plugins compatible for Editor in 0.31 ms, found 0 plugins.
Preloading 0 native plugins for Editor in 0.00 ms.
Unloading 1170 Unused Serialized files (Serialized files now loaded: 0)
System memory in use before: 64.1 MB.
System memory in use after: 64.2 MB.

Unloading 5 unused Assets to reduce memory usage. Loaded Objects now: 1775.
Total: 3.625900 ms (FindLiveObjects: 0.149100 ms CreateObjectMapping: 0.036000 ms MarkObjects: 2.685100 ms  DeleteObjects: 0.753400 ms)

========================================================================
Received Prepare
Platform WindowsStandaloneSupport does not support graphics device type 

Registering precompiled user dll's ...
Registered in 0.001138 seconds.
Begin MonoManager ReloadAssembly
Native extension for WindowsStandalone target not found
Refreshing native plugins compatible for Editor in 0.22 ms, found 0 plugins.
Preloading 0 native plugins for Editor in 0.00 ms.
Mono: successfully reloaded assembly
- Completed reload, in  1.051 seconds
Platform modules already initialized, skipping
Refreshing native plugins compatible for Editor in 0.34 ms, found 0 plugins.
Preloading 0 native plugins for Editor in 0.00 ms.
Unloading 1170 Unused Serialized files (Serialized files now loaded: 0)
System memory in use before: 64.1 MB.
System memory in use after: 64.2 MB.

Unloading 5 unused Assets to reduce memory usage. Loaded Objects now: 1778.
Total: 1.817900 ms (FindLiveObjects: 0.180700 ms CreateObjectMapping: 0.045300 ms MarkObjects: 1.563900 ms  DeleteObjects: 0.025800 ms)

========================================================================
Received Prepare
Platform WindowsStandaloneSupport does not support graphics device type 

Registering precompiled user dll's ...
Registered in 0.001653 seconds.
Begin MonoManager ReloadAssembly
Native extension for WindowsStandalone target not found
Refreshing native plugins compatible for Editor in 0.22 ms, found 0 plugins.
Preloading 0 native plugins for Editor in 0.00 ms.
Mono: successfully reloaded assembly
- Completed reload, in  0.899 seconds
Platform modules already initialized, skipping
Refreshing native plugins compatible for Editor in 0.47 ms, found 0 plugins.
Preloading 0 native plugins for Editor in 0.00 ms.
Unloading 1170 Unused Serialized files (Serialized files now loaded: 0)
System memory in use before: 64.1 MB.
System memory in use after: 64.2 MB.

Unloading 5 unused Assets to reduce memory usage. Loaded Objects now: 1781.
Total: 1.542000 ms (FindLiveObjects: 0.141200 ms CreateObjectMapping: 0.034400 ms MarkObjects: 1.353700 ms  DeleteObjects: 0.011400 ms)

========================================================================
Received Import Request.
  Time since last request: 2441.638285 seconds.
  path: Packages/com.unity.timeline/Editor/StyleSheets/Images/DarkSkin/TimelineDisabledBackground.png
  artifactKey: Guid(412f73153f3a3c549b67b2a847741145) Importer(815301076,1909f56bfc062723c751e8b465ee728b)
Start importing Packages/com.unity.timeline/Editor/StyleSheets/Images/DarkSkin/TimelineDisabledBackground.png using Guid(412f73153f3a3c549b67b2a847741145) Importer(815301076,1909f56bfc062723c751e8b465ee728b)  -> (artifact id: '3d6fee7e6fc380912e785cc6b05006ad') in 0.132105 seconds
  Import took 0.138168 seconds .

========================================================================
Received Import Request.
  Time since last request: 0.001177 seconds.
  path: Packages/com.unity.timeline/Editor/StyleSheets/Images/Shared/TimelineGroupBackground.png
  artifactKey: Guid(6ca5daa3415451940921fa7e2c3db9e8) Importer(815301076,1909f56bfc062723c751e8b465ee728b)
Start importing Packages/com.unity.timeline/Editor/StyleSheets/Images/Shared/TimelineGroupBackground.png using Guid(6ca5daa3415451940921fa7e2c3db9e8) Importer(815301076,1909f56bfc062723c751e8b465ee728b)  -> (artifact id: 'c9ad1d96dc83575938a4c89544283a15') in 0.043304 seconds
  Import took 0.046820 seconds .

========================================================================
Received Import Request.
  Time since last request: 0.000274 seconds.
  path: Packages/com.unity.timeline/Editor/StyleSheets/Images/LightSkin/TimelineDisabledBackground.png
  artifactKey: Guid(0304baf8d224f3e47b22d872c8dcd412) Importer(815301076,1909f56bfc062723c751e8b465ee728b)
Start importing Packages/com.unity.timeline/Editor/StyleSheets/Images/LightSkin/TimelineDisabledBackground.png using Guid(0304baf8d224f3e47b22d872c8dcd412) Importer(815301076,1909f56bfc062723c751e8b465ee728b)  -> (artifact id: '467fa7dcf1bf5ea95f84c46410ca4522') in 0.033964 seconds
  Import took 0.037448 seconds .

========================================================================
Received Import Request.
  Time since last request: 0.001184 seconds.
  path: Packages/com.unity.timeline/Editor/StyleSheets/Images/LightSkin/TimelineDisabledBackground.png
  artifactKey: Guid(0304baf8d224f3e47b22d872c8dcd412) Importer(815301076,1909f56bfc062723c751e8b465ee728b)
Start importing Packages/com.unity.timeline/Editor/StyleSheets/Images/LightSkin/TimelineDisabledBackground.png using Guid(0304baf8d224f3e47b22d872c8dcd412) Importer(815301076,1909f56bfc062723c751e8b465ee728b)  -> (artifact id: '467fa7dcf1bf5ea95f84c46410ca4522') in 0.014245 seconds
  Import took 0.019387 seconds .

========================================================================
Received Import Request.
  Time since last request: 5.570478 seconds.
  path: Packages/com.unity.collab-proxy/Editor/Assets/Icons/back-dark.png
  artifactKey: Guid(8e3ec2dfd58b79842aa78376678a9a05) Importer(815301076,1909f56bfc062723c751e8b465ee728b)
Start importing Packages/com.unity.collab-proxy/Editor/Assets/Icons/back-dark.png using Guid(8e3ec2dfd58b79842aa78376678a9a05) Importer(815301076,1909f56bfc062723c751e8b465ee728b)  -> (artifact id: 'c5a04d63e3013275f1c5867b8915b686') in 0.035881 seconds
  Import took 0.040477 seconds .

========================================================================
Received Import Request.
  Time since last request: 0.000331 seconds.
  path: Packages/com.unity.timeline/Editor/StyleSheets/Images/LightSkin/TimelineEndPlayback.png
  artifactKey: Guid(6952cd3b0f88917449a8fa4d19fc5009) Importer(815301076,1909f56bfc062723c751e8b465ee728b)
Start importing Packages/com.unity.timeline/Editor/StyleSheets/Images/LightSkin/TimelineEndPlayback.png using Guid(6952cd3b0f88917449a8fa4d19fc5009) Importer(815301076,1909f56bfc062723c751e8b465ee728b)  -> (artifact id: 'c5b99a09a49d4a3230770ca8fae9ba1e') in 0.040823 seconds
  Import took 0.043578 seconds .

========================================================================
Received Import Request.
  Time since last request: 0.000357 seconds.
  path: Packages/com.unity.timeline/Editor/StyleSheets/Images/DarkSkin/TimelineStartPlayback.png
  artifactKey: Guid(5060c9f9eb2f7ee4695b638a21d8fe01) Importer(815301076,1909f56bfc062723c751e8b465ee728b)
Start importing Packages/com.unity.timeline/Editor/StyleSheets/Images/DarkSkin/TimelineStartPlayback.png using Guid(5060c9f9eb2f7ee4695b638a21d8fe01) Importer(815301076,1909f56bfc062723c751e8b465ee728b)  -> (artifact id: 'a07e060b7aab222465ff6796bde2f9f9') in 0.043632 seconds
  Import took 0.048187 seconds .

========================================================================
Received Import Request.
  Time since last request: 0.000261 seconds.
  path: Packages/com.unity.collab-proxy/Editor/Assets/Icons/back-light@2x.png
  artifactKey: Guid(f5c57327df0fa294c8209aa216435167) Importer(815301076,1909f56bfc062723c751e8b465ee728b)
Start importing Packages/com.unity.collab-proxy/Editor/Assets/Icons/back-light@2x.png using Guid(f5c57327df0fa294c8209aa216435167) Importer(815301076,1909f56bfc062723c751e8b465ee728b)  -> (artifact id: '624bce2f9f5bef42f2557338e5c063f1') in 0.038802 seconds
  Import took 0.042677 seconds .

========================================================================
Received Import Request.
  Time since last request: 0.000164 seconds.
  path: Packages/com.unity.collab-proxy/Editor/Assets/Icons/back-dark@2x.png
  artifactKey: Guid(9c6313a5316f8a34b852bf94ff96e3ab) Importer(815301076,1909f56bfc062723c751e8b465ee728b)
Start importing Packages/com.unity.collab-proxy/Editor/Assets/Icons/back-dark@2x.png using Guid(9c6313a5316f8a34b852bf94ff96e3ab) Importer(815301076,1909f56bfc062723c751e8b465ee728b)  -> (artifact id: 'ee85709424f8f1f22cd934fade97879d') in 0.035378 seconds
  Import took 0.039138 seconds .

========================================================================
Received Import Request.
  Time since last request: 0.000167 seconds.
  path: Packages/com.unity.timeline/Editor/StyleSheets/Images/DarkSkin/TimelineEndPlayback.png
  artifactKey: Guid(c285802d9d414814fad592b90b223f15) Importer(815301076,1909f56bfc062723c751e8b465ee728b)
Start importing Packages/com.unity.timeline/Editor/StyleSheets/Images/DarkSkin/TimelineEndPlayback.png using Guid(c285802d9d414814fad592b90b223f15) Importer(815301076,1909f56bfc062723c751e8b465ee728b)  -> (artifact id: 'd3592dbfa2e621342735ecb23081da73') in 0.032405 seconds
  Import took 0.034467 seconds .

========================================================================
Received Import Request.
  Time since last request: 0.000170 seconds.
  path: Packages/com.unity.timeline/Editor/StyleSheets/Images/LightSkin/TimelineStartPlayback.png
  artifactKey: Guid(824c4beb0ca6c934bbc7a26919302236) Importer(815301076,1909f56bfc062723c751e8b465ee728b)
Start importing Packages/com.unity.timeline/Editor/StyleSheets/Images/LightSkin/TimelineStartPlayback.png using Guid(824c4beb0ca6c934bbc7a26919302236) Importer(815301076,1909f56bfc062723c751e8b465ee728b)  -> (artifact id: 'cc6729a957ccc64c7e2c76509f8bbd4b') in 0.025988 seconds
  Import took 0.029140 seconds .

========================================================================
Received Import Request.
  Time since last request: 0.000172 seconds.
  path: Packages/com.unity.collab-proxy/Editor/Assets/Icons/back-light.png
  artifactKey: Guid(e676ab7aa99535447a763c9f88bf9260) Importer(815301076,1909f56bfc062723c751e8b465ee728b)
Start importing Packages/com.unity.collab-proxy/Editor/Assets/Icons/back-light.png using Guid(e676ab7aa99535447a763c9f88bf9260) Importer(815301076,1909f56bfc062723c751e8b465ee728b)  -> (artifact id: 'e23e2ae59b6c7d80c62553f6e66f595a') in 0.046122 seconds
  Import took 0.050563 seconds .

========================================================================
Received Import Request.
  Time since last request: 63.230168 seconds.
  path: Packages/com.unity.collab-proxy/Editor/Assets/Icons/collaborate-progress-dark.png
  artifactKey: Guid(60706f973daf4764e81c846ce1a8e183) Importer(815301076,1909f56bfc062723c751e8b465ee728b)
Start importing Packages/com.unity.collab-proxy/Editor/Assets/Icons/collaborate-progress-dark.png using Guid(60706f973daf4764e81c846ce1a8e183) Importer(815301076,1909f56bfc062723c751e8b465ee728b)  -> (artifact id: 'fe71a8a5b198d4e520cc91bd609b886d') in 0.028296 seconds
  Import took 0.032517 seconds .

========================================================================
Received Import Request.
  Time since last request: 0.000351 seconds.
  path: Packages/com.unity.collab-proxy/Editor/Assets/Icons/collaborate-progress-light@2x.png
  artifactKey: Guid(ae9e7828f0813b04fbe3f839422b2289) Importer(815301076,1909f56bfc062723c751e8b465ee728b)
Start importing Packages/com.unity.collab-proxy/Editor/Assets/Icons/collaborate-progress-light@2x.png using Guid(ae9e7828f0813b04fbe3f839422b2289) Importer(815301076,1909f56bfc062723c751e8b465ee728b)  -> (artifact id: 'c41eccf42f897601a3b65b5aca9d8847') in 0.061439 seconds
  Import took 0.063881 seconds .

========================================================================
Received Import Request.
  Time since last request: 0.000251 seconds.
  path: Packages/com.unity.collab-proxy/Editor/Assets/Layouts/ProgressView.uxml
  artifactKey: Guid(1843aad8dcbe848439d6a090c4ebe8e2) Importer(815301076,1909f56bfc062723c751e8b465ee728b)
Start importing Packages/com.unity.collab-proxy/Editor/Assets/Layouts/ProgressView.uxml using Guid(1843aad8dcbe848439d6a090c4ebe8e2) Importer(815301076,1909f56bfc062723c751e8b465ee728b)  -> (artifact id: '1edcda498b8d4e24333c7c18575cd573') in 0.046250 seconds
  Import took 0.050376 seconds .

========================================================================
Received Import Request.
  Time since last request: 0.000224 seconds.
  path: Packages/com.unity.collab-proxy/Editor/Assets/Styles/ProgressView.uss
  artifactKey: Guid(6057b0c434179144c9316241a7bc8f2f) Importer(815301076,1909f56bfc062723c751e8b465ee728b)
Start importing Packages/com.unity.collab-proxy/Editor/Assets/Styles/ProgressView.uss using Guid(6057b0c434179144c9316241a7bc8f2f) Importer(815301076,1909f56bfc062723c751e8b465ee728b)  -> (artifact id: '3780cd772790fcde22d8bbca86d4eebc') in 0.011936 seconds
  Import took 0.014855 seconds .

========================================================================
Received Import Request.
  Time since last request: 0.000314 seconds.
  path: Packages/com.unity.collab-proxy/Editor/Assets/Icons/collaborate-progress-light.png
  artifactKey: Guid(98eea3a123f8b4c468b7e43d0ff3c232) Importer(815301076,1909f56bfc062723c751e8b465ee728b)
Start importing Packages/com.unity.collab-proxy/Editor/Assets/Icons/collaborate-progress-light.png using Guid(98eea3a123f8b4c468b7e43d0ff3c232) Importer(815301076,1909f56bfc062723c751e8b465ee728b)  -> (artifact id: '2f1c3bc0970f0f9c3c29921deaaadc24') in 0.027758 seconds
  Import took 0.029863 seconds .

========================================================================
Received Import Request.
  Time since last request: 0.000214 seconds.
  path: Packages/com.unity.collab-proxy/Editor/Assets/Icons/collaborate-progress-dark@2x.png
  artifactKey: Guid(116a8defb66aa304d97c1fd15f044486) Importer(815301076,1909f56bfc062723c751e8b465ee728b)
Start importing Packages/com.unity.collab-proxy/Editor/Assets/Icons/collaborate-progress-dark@2x.png using Guid(116a8defb66aa304d97c1fd15f044486) Importer(815301076,1909f56bfc062723c751e8b465ee728b)  -> (artifact id: 'a4adf0e1f9ff47fb0cba17125ed450b8') in 0.030813 seconds
  Import took 0.033838 seconds .

========================================================================
Received Import Request.
  Time since last request: 16.028812 seconds.
  path: Packages/com.unity.textmeshpro/Package Resources
  artifactKey: Guid(5ec95f4d5b2d1f14e9ff8682562553f9) Importer(815301076,1909f56bfc062723c751e8b465ee728b)
Start importing Packages/com.unity.textmeshpro/Package Resources using Guid(5ec95f4d5b2d1f14e9ff8682562553f9) Importer(815301076,1909f56bfc062723c751e8b465ee728b)  -> (artifact id: '0374848062d4acf17906d78e3deb87f4') in 0.014658 seconds
  Import took 0.017946 seconds .

========================================================================
Received Import Request.
  Time since last request: 3.193712 seconds.
  path: Packages/com.unity.textmeshpro/Editor Resources
  artifactKey: Guid(d1a0a27327b54c3bac52a08929c33f81) Importer(815301076,1909f56bfc062723c751e8b465ee728b)
Start importing Packages/com.unity.textmeshpro/Editor Resources using Guid(d1a0a27327b54c3bac52a08929c33f81) Importer(815301076,1909f56bfc062723c751e8b465ee728b)  -> (artifact id: '881607150faacbb0e8ba04f695229ea6') in 0.013242 seconds
  Import took 0.017244 seconds .

========================================================================
Received Import Request.
  Time since last request: 57.380646 seconds.
  path: Assets/Example Content/barbg3.jpg
  artifactKey: Guid(eec44c2d760c446429cd864444da1e97) Importer(815301076,1909f56bfc062723c751e8b465ee728b)
Start importing Assets/Example Content/barbg3.jpg using Guid(eec44c2d760c446429cd864444da1e97) Importer(815301076,1909f56bfc062723c751e8b465ee728b)  -> (artifact id: '938980b25d22d7b1e79e054efca09d0d') in 0.060781 seconds
  Import took 0.065964 seconds .

========================================================================
Received Import Request.
  Time since last request: 119.092304 seconds.
  path: Assets/Example Content/barbg3.jpg
  artifactKey: Guid(eec44c2d760c446429cd864444da1e97) Importer(815301076,1909f56bfc062723c751e8b465ee728b)
Start importing Assets/Example Content/barbg3.jpg using Guid(eec44c2d760c446429cd864444da1e97) Importer(815301076,1909f56bfc062723c751e8b465ee728b)  -> (artifact id: 'ee6a656847073d32a677a6ff52fe79ca') in 0.032980 seconds
  Import took 0.038478 seconds .

========================================================================
Received Prepare
Platform WindowsStandaloneSupport does not support graphics device type 

Registering precompiled user dll's ...
Registered in 0.002559 seconds.
Begin MonoManager ReloadAssembly
Native extension for WindowsStandalone target not found
Refreshing native plugins compatible for Editor in 0.34 ms, found 0 plugins.
Preloading 0 native plugins for Editor in 0.00 ms.
Mono: successfully reloaded assembly
- Completed reload, in  0.857 seconds
Platform modules already initialized, skipping
Refreshing native plugins compatible for Editor in 0.29 ms, found 0 plugins.
Preloading 0 native plugins for Editor in 0.00 ms.
Unloading 1170 Unused Serialized files (Serialized files now loaded: 0)
System memory in use before: 64.1 MB.
System memory in use after: 64.2 MB.

Unloading 5 unused Assets to reduce memory usage. Loaded Objects now: 1792.
Total: 1.743300 ms (FindLiveObjects: 0.194600 ms CreateObjectMapping: 0.037400 ms MarkObjects: 1.481900 ms  DeleteObjects: 0.027700 ms)

========================================================================
Received Import Request.
  Time since last request: 92.757814 seconds.
  path: Assets/Example Content/barbg3.jpg
  artifactKey: Guid(eec44c2d760c446429cd864444da1e97) Importer(815301076,1909f56bfc062723c751e8b465ee728b)
Start importing Assets/Example Content/barbg3.jpg using Guid(eec44c2d760c446429cd864444da1e97) Importer(815301076,1909f56bfc062723c751e8b465ee728b)  -> (artifact id: '953084d7924885e767d71a8855bbdc13') in 0.066764 seconds
  Import took 0.069921 seconds .

========================================================================
Received Prepare
Platform WindowsStandaloneSupport does not support graphics device type 

Registering precompiled user dll's ...
Registered in 0.001120 seconds.
Begin MonoManager ReloadAssembly
Native extension for WindowsStandalone target not found
Refreshing native plugins compatible for Editor in 0.24 ms, found 0 plugins.
Preloading 0 native plugins for Editor in 0.00 ms.
Mono: successfully reloaded assembly
- Completed reload, in  0.955 seconds
Platform modules already initialized, skipping
Refreshing native plugins compatible for Editor in 0.31 ms, found 0 plugins.
Preloading 0 native plugins for Editor in 0.00 ms.
Unloading 1170 Unused Serialized files (Serialized files now loaded: 0)
System memory in use before: 64.1 MB.
System memory in use after: 64.3 MB.

Unloading 5 unused Assets to reduce memory usage. Loaded Objects now: 1796.
Total: 1.646900 ms (FindLiveObjects: 0.171900 ms CreateObjectMapping: 0.044500 ms MarkObjects: 1.417500 ms  DeleteObjects: 0.012000 ms)

========================================================================
Received Prepare
Platform WindowsStandaloneSupport does not support graphics device type 

Registering precompiled user dll's ...
Registered in 0.001150 seconds.
Begin MonoManager ReloadAssembly
Native extension for WindowsStandalone target not found
Refreshing native plugins compatible for Editor in 0.28 ms, found 0 plugins.
Preloading 0 native plugins for Editor in 0.00 ms.
Mono: successfully reloaded assembly
- Completed reload, in  2.350 seconds
Platform modules already initialized, skipping
Refreshing native plugins compatible for Editor in 0.32 ms, found 0 plugins.
Preloading 0 native plugins for Editor in 0.00 ms.
Unloading 1170 Unused Serialized files (Serialized files now loaded: 0)
System memory in use before: 64.2 MB.
System memory in use after: 64.3 MB.

Unloading 5 unused Assets to reduce memory usage. Loaded Objects now: 1799.
Total: 3.742800 ms (FindLiveObjects: 0.307800 ms CreateObjectMapping: 0.073600 ms MarkObjects: 3.331400 ms  DeleteObjects: 0.026600 ms)

========================================================================
Received Prepare
Platform WindowsStandaloneSupport does not support graphics device type 

Refreshing native plugins compatible for Editor in 0.96 ms, found 0 plugins.
Preloading 0 native plugins for Editor in 0.00 ms.
Unloading 3 Unused Serialized files (Serialized files now loaded: 0)
System memory in use before: 41.0 MB.
System memory in use after: 41.1 MB.

Unloading 3 unused Assets to reduce memory usage. Loaded Objects now: 1799.
Total: 3.642300 ms (FindLiveObjects: 0.206900 ms CreateObjectMapping: 0.049800 ms MarkObjects: 3.365100 ms  DeleteObjects: 0.018300 ms)

========================================================================
Received Import Request.
  Time since last request: 257.921368 seconds.
  path: Assets/Example Content/barbg3.jpg
  artifactKey: Guid(eec44c2d760c446429cd864444da1e97) Importer(815301076,1909f56bfc062723c751e8b465ee728b)
Start importing Assets/Example Content/barbg3.jpg using Guid(eec44c2d760c446429cd864444da1e97) Importer(815301076,1909f56bfc062723c751e8b465ee728b)  -> (artifact id: 'a7bf7f7a2d6ac27375fd3009d500e234') in 0.160293 seconds
  Import took 0.170147 seconds .

========================================================================
Received Prepare
Platform WindowsStandaloneSupport does not support graphics device type 

Registering precompiled user dll's ...
Registered in 0.001349 seconds.
Begin MonoManager ReloadAssembly
Native extension for WindowsStandalone target not found
Refreshing native plugins compatible for Editor in 0.26 ms, found 0 plugins.
Preloading 0 native plugins for Editor in 0.00 ms.
Mono: successfully reloaded assembly
- Completed reload, in  0.913 seconds
Platform modules already initialized, skipping
Refreshing native plugins compatible for Editor in 0.36 ms, found 0 plugins.
Preloading 0 native plugins for Editor in 0.00 ms.
Unloading 1170 Unused Serialized files (Serialized files now loaded: 0)
System memory in use before: 64.2 MB.
System memory in use after: 64.3 MB.

Unloading 5 unused Assets to reduce memory usage. Loaded Objects now: 1803.
Total: 1.674200 ms (FindLiveObjects: 0.176500 ms CreateObjectMapping: 0.039200 ms MarkObjects: 1.419300 ms  DeleteObjects: 0.037300 ms)

========================================================================
Received Import Request.
  Time since last request: 98.440007 seconds.
  path: Assets/Example Content/barbg3.jpg
  artifactKey: Guid(eec44c2d760c446429cd864444da1e97) Importer(815301076,1909f56bfc062723c751e8b465ee728b)
Start importing Assets/Example Content/barbg3.jpg using Guid(eec44c2d760c446429cd864444da1e97) Importer(815301076,1909f56bfc062723c751e8b465ee728b)  -> (artifact id: 'fb0497d372b5a76befe5851644bd929e') in 0.069282 seconds
  Import took 0.074637 seconds .

========================================================================
Received Prepare
Platform WindowsStandaloneSupport does not support graphics device type 

Registering precompiled user dll's ...
Registered in 0.001267 seconds.
Begin MonoManager ReloadAssembly
Native extension for WindowsStandalone target not found
Refreshing native plugins compatible for Editor in 0.24 ms, found 0 plugins.
Preloading 0 native plugins for Editor in 0.00 ms.
Mono: successfully reloaded assembly
- Completed reload, in  2.654 seconds
Platform modules already initialized, skipping
Refreshing native plugins compatible for Editor in 0.37 ms, found 0 plugins.
Preloading 0 native plugins for Editor in 0.00 ms.
Unloading 1170 Unused Serialized files (Serialized files now loaded: 0)
System memory in use before: 64.2 MB.
System memory in use after: 64.3 MB.

Unloading 5 unused Assets to reduce memory usage. Loaded Objects now: 1807.
Total: 2.538800 ms (FindLiveObjects: 0.274700 ms CreateObjectMapping: 0.060000 ms MarkObjects: 2.176600 ms  DeleteObjects: 0.024700 ms)

========================================================================
Received Prepare
Platform WindowsStandaloneSupport does not support graphics device type 

Refreshing native plugins compatible for Editor in 1.34 ms, found 0 plugins.
Preloading 0 native plugins for Editor in 0.00 ms.
Unloading 3 Unused Serialized files (Serialized files now loaded: 0)
System memory in use before: 41.0 MB.
System memory in use after: 41.1 MB.

Unloading 3 unused Assets to reduce memory usage. Loaded Objects now: 1807.
Total: 3.501900 ms (FindLiveObjects: 0.334000 ms CreateObjectMapping: 0.059700 ms MarkObjects: 3.079300 ms  DeleteObjects: 0.026200 ms)

========================================================================
Received Prepare
Platform WindowsStandaloneSupport does not support graphics device type 

Registering precompiled user dll's ...
Registered in 0.001079 seconds.
Begin MonoManager ReloadAssembly
Native extension for WindowsStandalone target not found
Refreshing native plugins compatible for Editor in 0.22 ms, found 0 plugins.
Preloading 0 native plugins for Editor in 0.00 ms.
Mono: successfully reloaded assembly
- Completed reload, in  1.028 seconds
Platform modules already initialized, skipping
Refreshing native plugins compatible for Editor in 0.31 ms, found 0 plugins.
Preloading 0 native plugins for Editor in 0.00 ms.
Unloading 1170 Unused Serialized files (Serialized files now loaded: 0)
System memory in use before: 64.2 MB.
System memory in use after: 64.3 MB.

Unloading 5 unused Assets to reduce memory usage. Loaded Objects now: 1810.
Total: 1.644700 ms (FindLiveObjects: 0.190300 ms CreateObjectMapping: 0.047200 ms MarkObjects: 1.369300 ms  DeleteObjects: 0.036200 ms)

========================================================================
Received Prepare
Platform WindowsStandaloneSupport does not support graphics device type 

Registering precompiled user dll's ...
Registered in 0.001049 seconds.
Begin MonoManager ReloadAssembly
Native extension for WindowsStandalone target not found
Refreshing native plugins compatible for Editor in 0.22 ms, found 0 plugins.
Preloading 0 native plugins for Editor in 0.00 ms.
Mono: successfully reloaded assembly
- Completed reload, in  0.758 seconds
Platform modules already initialized, skipping
Refreshing native plugins compatible for Editor in 0.28 ms, found 0 plugins.
Preloading 0 native plugins for Editor in 0.00 ms.
Unloading 1170 Unused Serialized files (Serialized files now loaded: 0)
System memory in use before: 64.2 MB.
System memory in use after: 64.3 MB.

Unloading 5 unused Assets to reduce memory usage. Loaded Objects now: 1813.
Total: 1.722700 ms (FindLiveObjects: 0.188500 ms CreateObjectMapping: 0.050900 ms MarkObjects: 1.463500 ms  DeleteObjects: 0.018100 ms)

========================================================================
Received Prepare
Platform WindowsStandaloneSupport does not support graphics device type 

Registering precompiled user dll's ...
Registered in 0.007791 seconds.
Begin MonoManager ReloadAssembly
Native extension for WindowsStandalone target not found
Refreshing native plugins compatible for Editor in 0.22 ms, found 0 plugins.
Preloading 0 native plugins for Editor in 0.00 ms.
Mono: successfully reloaded assembly
- Completed reload, in  0.783 seconds
Platform modules already initialized, skipping
Refreshing native plugins compatible for Editor in 0.29 ms, found 0 plugins.
Preloading 0 native plugins for Editor in 0.00 ms.
Unloading 1170 Unused Serialized files (Serialized files now loaded: 0)
System memory in use before: 64.2 MB.
System memory in use after: 64.3 MB.

Unloading 5 unused Assets to reduce memory usage. Loaded Objects now: 1816.
Total: 1.786700 ms (FindLiveObjects: 0.168200 ms CreateObjectMapping: 0.039400 ms MarkObjects: 1.565700 ms  DeleteObjects: 0.012200 ms)

========================================================================
Received Prepare
Platform WindowsStandaloneSupport does not support graphics device type 

Registering precompiled user dll's ...
Registered in 0.001357 seconds.
Begin MonoManager ReloadAssembly
Native extension for WindowsStandalone target not found
Refreshing native plugins compatible for Editor in 0.22 ms, found 0 plugins.
Preloading 0 native plugins for Editor in 0.00 ms.
Mono: successfully reloaded assembly
- Completed reload, in  0.792 seconds
Platform modules already initialized, skipping
Refreshing native plugins compatible for Editor in 0.32 ms, found 0 plugins.
Preloading 0 native plugins for Editor in 0.00 ms.
Unloading 1170 Unused Serialized files (Serialized files now loaded: 0)
System memory in use before: 64.2 MB.
System memory in use after: 64.3 MB.

Unloading 5 unused Assets to reduce memory usage. Loaded Objects now: 1819.
Total: 1.964600 ms (FindLiveObjects: 0.234300 ms CreateObjectMapping: 0.061900 ms MarkObjects: 1.642000 ms  DeleteObjects: 0.024600 ms)

========================================================================
Received Prepare
Platform WindowsStandaloneSupport does not support graphics device type 

Registering precompiled user dll's ...
Registered in 0.001093 seconds.
Begin MonoManager ReloadAssembly
Native extension for WindowsStandalone target not found
Refreshing native plugins compatible for Editor in 0.22 ms, found 0 plugins.
Preloading 0 native plugins for Editor in 0.00 ms.
Mono: successfully reloaded assembly
- Completed reload, in  0.955 seconds
Platform modules already initialized, skipping
Refreshing native plugins compatible for Editor in 0.33 ms, found 0 plugins.
Preloading 0 native plugins for Editor in 0.00 ms.
Unloading 1170 Unused Serialized files (Serialized files now loaded: 0)
System memory in use before: 64.2 MB.
System memory in use after: 64.3 MB.

Unloading 5 unused Assets to reduce memory usage. Loaded Objects now: 1822.
Total: 1.893800 ms (FindLiveObjects: 0.358300 ms CreateObjectMapping: 0.049600 ms MarkObjects: 1.469000 ms  DeleteObjects: 0.015400 ms)

========================================================================
Received Prepare
Platform WindowsStandaloneSupport does not support graphics device type 

Registering precompiled user dll's ...
Registered in 0.001128 seconds.
Begin MonoManager ReloadAssembly
Native extension for WindowsStandalone target not found
Refreshing native plugins compatible for Editor in 0.22 ms, found 0 plugins.
Preloading 0 native plugins for Editor in 0.00 ms.
Mono: successfully reloaded assembly
- Completed reload, in  0.760 seconds
Platform modules already initialized, skipping
Refreshing native plugins compatible for Editor in 0.34 ms, found 0 plugins.
Preloading 0 native plugins for Editor in 0.00 ms.
Unloading 1170 Unused Serialized files (Serialized files now loaded: 0)
System memory in use before: 64.2 MB.
System memory in use after: 64.3 MB.

Unloading 5 unused Assets to reduce memory usage. Loaded Objects now: 1825.
Total: 1.911200 ms (FindLiveObjects: 0.201900 ms CreateObjectMapping: 0.052600 ms MarkObjects: 1.633400 ms  DeleteObjects: 0.020900 ms)

========================================================================
Received Prepare
Platform WindowsStandaloneSupport does not support graphics device type 

Registering precompiled user dll's ...
Registered in 0.001097 seconds.
Begin MonoManager ReloadAssembly
Native extension for WindowsStandalone target not found
Refreshing native plugins compatible for Editor in 0.24 ms, found 0 plugins.
Preloading 0 native plugins for Editor in 0.00 ms.
Mono: successfully reloaded assembly
- Completed reload, in  0.765 seconds
Platform modules already initialized, skipping
Refreshing native plugins compatible for Editor in 0.37 ms, found 0 plugins.
Preloading 0 native plugins for Editor in 0.00 ms.
Unloading 1170 Unused Serialized files (Serialized files now loaded: 0)
System memory in use before: 64.2 MB.
System memory in use after: 64.3 MB.

Unloading 5 unused Assets to reduce memory usage. Loaded Objects now: 1828.
Total: 2.181500 ms (FindLiveObjects: 0.173200 ms CreateObjectMapping: 0.035700 ms MarkObjects: 1.926800 ms  DeleteObjects: 0.044700 ms)

========================================================================
Received Prepare
Platform WindowsStandaloneSupport does not support graphics device type 

Registering precompiled user dll's ...
Registered in 0.001180 seconds.
Begin MonoManager ReloadAssembly
Native extension for WindowsStandalone target not found
Refreshing native plugins compatible for Editor in 0.22 ms, found 0 plugins.
Preloading 0 native plugins for Editor in 0.00 ms.
Mono: successfully reloaded assembly
- Completed reload, in  0.774 seconds
Platform modules already initialized, skipping
Refreshing native plugins compatible for Editor in 0.30 ms, found 0 plugins.
Preloading 0 native plugins for Editor in 0.00 ms.
Unloading 1170 Unused Serialized files (Serialized files now loaded: 0)
System memory in use before: 64.2 MB.
System memory in use after: 64.3 MB.

Unloading 5 unused Assets to reduce memory usage. Loaded Objects now: 1831.
Total: 1.977400 ms (FindLiveObjects: 0.282600 ms CreateObjectMapping: 0.059100 ms MarkObjects: 1.615400 ms  DeleteObjects: 0.018100 ms)

========================================================================
Received Prepare
Platform WindowsStandaloneSupport does not support graphics device type 

Registering precompiled user dll's ...
Registered in 0.001099 seconds.
Begin MonoManager ReloadAssembly
Native extension for WindowsStandalone target not found
Refreshing native plugins compatible for Editor in 0.21 ms, found 0 plugins.
Preloading 0 native plugins for Editor in 0.00 ms.
Mono: successfully reloaded assembly
- Completed reload, in  0.716 seconds
Platform modules already initialized, skipping
Refreshing native plugins compatible for Editor in 0.45 ms, found 0 plugins.
Preloading 0 native plugins for Editor in 0.00 ms.
Unloading 1170 Unused Serialized files (Serialized files now loaded: 0)
System memory in use before: 64.2 MB.
System memory in use after: 64.3 MB.

Unloading 5 unused Assets to reduce memory usage. Loaded Objects now: 1834.
Total: 2.723600 ms (FindLiveObjects: 0.204700 ms CreateObjectMapping: 0.039400 ms MarkObjects: 2.461700 ms  DeleteObjects: 0.016500 ms)

========================================================================
Received Prepare
Platform WindowsStandaloneSupport does not support graphics device type 

Registering precompiled user dll's ...
Registered in 0.001072 seconds.
Begin MonoManager ReloadAssembly
Native extension for WindowsStandalone target not found
Refreshing native plugins compatible for Editor in 0.24 ms, found 0 plugins.
Preloading 0 native plugins for Editor in 0.00 ms.
Mono: successfully reloaded assembly
- Completed reload, in  0.748 seconds
Platform modules already initialized, skipping
Refreshing native plugins compatible for Editor in 0.30 ms, found 0 plugins.
Preloading 0 native plugins for Editor in 0.00 ms.
Unloading 1170 Unused Serialized files (Serialized files now loaded: 0)
System memory in use before: 64.2 MB.
System memory in use after: 64.3 MB.

Unloading 5 unused Assets to reduce memory usage. Loaded Objects now: 1837.
Total: 1.951600 ms (FindLiveObjects: 0.232100 ms CreateObjectMapping: 0.107200 ms MarkObjects: 1.585500 ms  DeleteObjects: 0.014700 ms)

========================================================================
Received Prepare
Platform WindowsStandaloneSupport does not support graphics device type 

Refreshing native plugins compatible for Editor in 0.95 ms, found 0 plugins.
Preloading 0 native plugins for Editor in 0.00 ms.
Unloading 3 Unused Serialized files (Serialized files now loaded: 0)
System memory in use before: 41.0 MB.
System memory in use after: 41.2 MB.

Unloading 3 unused Assets to reduce memory usage. Loaded Objects now: 1837.
Total: 2.036100 ms (FindLiveObjects: 0.371300 ms CreateObjectMapping: 0.045200 ms MarkObjects: 1.607100 ms  DeleteObjects: 0.011100 ms)

AssetImportWorkerClient::OnTransportError - code=2 error=End of file
